<?xml version="1.0" encoding="UTF-8"?>
<testng-results ignored="0" total="1" passed="1" failed="0" skipped="0">
  <reporter-output>
  </reporter-output>
  <suite started-at="2024-05-02T14:23:15 IST" name="Surefire suite" finished-at="2024-05-02T14:23:51 IST" duration-ms="35450">
    <groups>
    </groups>
    <test started-at="2024-05-02T14:23:15 IST" name="Surefire test" finished-at="2024-05-02T14:23:51 IST" duration-ms="35450">
      <class name="com.example.AppTest">
        <test-method signature="sample()[pri:0, instance:com.example.AppTest@527e5409]" started-at="2024-05-02T14:23:15 IST" name="sample" finished-at="2024-05-02T14:23:51 IST" duration-ms="35372" status="PASS">
          <reporter-output>
          </reporter-output>
        </test-method> <!-- sample -->
      </class> <!-- com.example.AppTest -->
    </test> <!-- Surefire test -->
  </suite> <!-- Surefire suite -->
</testng-results>
